[debug] [2018-11-08T18:25:34.746Z] ----------------------------------------------------------------------
[debug] [2018-11-08T18:25:34.750Z] Command:       C:\Program Files\nodejs\node.exe C:\Users\Lazer\AppData\Roaming\npm\node_modules\firebase-tools\lib\bin\firebase.js deploy
[debug] [2018-11-08T18:25:34.750Z] CLI Version:   6.0.1
[debug] [2018-11-08T18:25:34.750Z] Platform:      win32
[debug] [2018-11-08T18:25:34.750Z] Node Version:  v8.12.0
[debug] [2018-11-08T18:25:34.751Z] Time:          Thu Nov 08 2018 23:25:34 GMT+0500 (Pakistan Standard Time)
[debug] [2018-11-08T18:25:34.751Z] ----------------------------------------------------------------------
[debug] 
[debug] [2018-11-08T18:25:34.785Z] > command requires scopes: ["email","openid","https://www.googleapis.com/auth/cloudplatformprojects.readonly","https://www.googleapis.com/auth/firebase","https://www.googleapis.com/auth/cloud-platform"]
[debug] [2018-11-08T18:25:34.786Z] > authorizing via signed-in user
[debug] [2018-11-08T18:25:34.786Z] [iam] checking project meeting-app-a1947 for permissions ["firebase.projects.get","firebasehosting.sites.update"]
[debug] [2018-11-08T18:25:34.788Z] > refreshing access token with scopes: ["email","https://www.googleapis.com/auth/cloud-platform","https://www.googleapis.com/auth/cloudplatformprojects.readonly","https://www.googleapis.com/auth/firebase","openid"]
[debug] [2018-11-08T18:25:34.789Z] >>> HTTP REQUEST POST https://www.googleapis.com/oauth2/v3/token  
 <request body omitted>
[debug] [2018-11-08T18:25:36.232Z] <<< HTTP RESPONSE 200
[debug] [2018-11-08T18:25:36.274Z] >>> HTTP REQUEST POST https://cloudresourcemanager.googleapis.com/v1/projects/meeting-app-a1947:testIamPermissions  

[debug] [2018-11-08T18:25:38.372Z] <<< HTTP RESPONSE 200
[debug] [2018-11-08T18:25:38.374Z] >>> HTTP REQUEST GET https://firebase.googleapis.com/v1beta1/projects/meeting-app-a1947  
 
[debug] [2018-11-08T18:25:40.241Z] <<< HTTP RESPONSE 200
[info] 
[info] === Deploying to 'meeting-app-a1947'...
[info] 
[info] i  deploying hosting
[debug] [2018-11-08T18:25:40.254Z] >>> HTTP REQUEST POST https://firebasehosting.googleapis.com/v1beta1/sites/meeting-app-a1947/versions  

[debug] [2018-11-08T18:25:42.624Z] <<< HTTP RESPONSE 200
[info] i  hosting[meeting-app-a1947]: beginning deploy...
[info] i  hosting[meeting-app-a1947]: found 18 files in build
[debug] [2018-11-08T18:25:42.679Z] [hosting] hash cache [YnVpbGQ] load error: lines is not defined
[debug] [2018-11-08T18:25:43.932Z] [hosting] hash cache [YnVpbGQ] stored for 18 files
[debug] [2018-11-08T18:25:43.932Z] [hosting][hash queue][FINAL]
[debug] [2018-11-08T18:25:43.933Z] >>> HTTP REQUEST POST https://firebasehosting.googleapis.com/v1beta1/sites/meeting-app-a1947/versions/9ce68ec1002548cd:populateFiles  
 <request body omitted>
[debug] [2018-11-08T18:25:45.820Z] <<< HTTP RESPONSE 200
[debug] [2018-11-08T18:25:45.835Z] [hosting][populate queue][FINAL]
[debug] [2018-11-08T18:25:45.835Z] [hosting] uploads queued: 13
[debug] [2018-11-08T18:25:58.635Z] [hosting][upload queue][FINAL]
[info] +  hosting[meeting-app-a1947]: file upload complete
[debug] [2018-11-08T18:25:58.639Z] [hosting] deploy completed after 16011ms
[debug] [2018-11-08T18:26:00.654Z] [
  {
    "config": {
      "public": "build",
      "ignore": [
        "firebase.json",
        "**/.*",
        "**/node_modules/**"
      ],
      "rewrites": [
        {
          "source": "**",
          "destination": "/index.html"
        }
      ],
      "site": "meeting-app-a1947"
    },
    "site": "meeting-app-a1947",
    "version": "sites/meeting-app-a1947/versions/9ce68ec1002548cd"
  }
]
[info] i  hosting[meeting-app-a1947]: finalizing version...
[debug] [2018-11-08T18:26:00.658Z] >>> HTTP REQUEST PATCH https://firebasehosting.googleapis.com/v1beta1/sites/meeting-app-a1947/versions/9ce68ec1002548cd?updateMask=status  

[debug] [2018-11-08T18:26:02.716Z] <<< HTTP RESPONSE 200
[debug] [2018-11-08T18:26:02.716Z] [hosting] finalized version for meeting-app-a1947:
[info] +  hosting[meeting-app-a1947]: version finalized
[info] i  hosting[meeting-app-a1947]: releasing new version...
[debug] [2018-11-08T18:26:02.721Z] >>> HTTP REQUEST POST https://firebasehosting.googleapis.com/v1beta1/sites/meeting-app-a1947/releases?version_name=sites/meeting-app-a1947/versions/9ce68ec1002548cd  

[debug] [2018-11-08T18:26:04.791Z] <<< HTTP RESPONSE 200
[debug] [2018-11-08T18:26:04.792Z] [hosting] release:
[info] +  hosting[meeting-app-a1947]: release complete
[info] 
[info] +  Deploy complete!
[info] 
[info] Project Console: https://console.firebase.google.com/project/meeting-app-a1947/overview
[info] Hosting URL: https://meeting-app-a1947.firebaseapp.com
